  [1m[35m (9.2ms)[0m  [1m[34mSELECT pg_try_advisory_lock(6647856843517106280)[0m
  ↳ bin/rails:9
  [1m[35m (5.1ms)[0m  [1m[34mSELECT "schema_migrations"."version" FROM "schema_migrations" ORDER BY "schema_migrations"."version" ASC[0m
  ↳ bin/rails:9
Migrating to CreateCita (20200504203752)
  [1m[35m (3.4ms)[0m  [1m[35mBEGIN[0m
  ↳ bin/rails:9
  [1m[35m (61.2ms)[0m  [1m[35mCREATE TABLE "cita" ("id" bigserial primary key, "match_id" integer, "fecha" date, "establecimiento_id" integer, "created_at" timestamp NOT NULL, "updated_at" timestamp NOT NULL)[0m
  ↳ db/migrate/20200504203752_create_cita.rb:3
  [1m[36mActiveRecord::SchemaMigration Create (2.1ms)[0m  [1m[32mINSERT INTO "schema_migrations" ("version") VALUES ($1) RETURNING "version"[0m  [["version", "20200504203752"]]
  ↳ bin/rails:9
  [1m[35m (1.0ms)[0m  [1m[35mCOMMIT[0m
  ↳ bin/rails:9
  [1m[36mActiveRecord::InternalMetadata Load (1.8ms)[0m  [1m[34mSELECT  "ar_internal_metadata".* FROM "ar_internal_metadata" WHERE "ar_internal_metadata"."key" = $1 LIMIT $2[0m  [["key", "environment"], ["LIMIT", 1]]
  ↳ bin/rails:9
  [1m[35m (0.2ms)[0m  [1m[35mBEGIN[0m
  ↳ bin/rails:9
  [1m[35m (0.1ms)[0m  [1m[35mCOMMIT[0m
  ↳ bin/rails:9
  [1m[35m (0.2ms)[0m  [1m[34mSELECT pg_advisory_unlock(6647856843517106280)[0m
  ↳ bin/rails:9
  [1m[35m (0.2ms)[0m  [1m[34mSELECT "schema_migrations"."version" FROM "schema_migrations" ORDER BY "schema_migrations"."version" ASC[0m
  ↳ bin/rails:9
  [1m[35m (0.2ms)[0m  [1m[34mSELECT pg_try_advisory_lock(6647856843517106280)[0m
  ↳ bin/rails:9
  [1m[35m (1.0ms)[0m  [1m[34mSELECT "schema_migrations"."version" FROM "schema_migrations" ORDER BY "schema_migrations"."version" ASC[0m
  ↳ bin/rails:9
Migrating to Addcomunaidtousers (20200506152641)
  [1m[35m (0.2ms)[0m  [1m[35mBEGIN[0m
  ↳ bin/rails:9
  [1m[35m (4.8ms)[0m  [1m[35mALTER TABLE "users" ADD "comuna_id" int[0m
  ↳ db/migrate/20200506152641_addcomunaidtousers.rb:3
  [1m[36mActiveRecord::SchemaMigration Create (0.4ms)[0m  [1m[32mINSERT INTO "schema_migrations" ("version") VALUES ($1) RETURNING "version"[0m  [["version", "20200506152641"]]
  ↳ bin/rails:9
  [1m[35m (0.5ms)[0m  [1m[35mCOMMIT[0m
  ↳ bin/rails:9
  [1m[36mActiveRecord::InternalMetadata Load (0.4ms)[0m  [1m[34mSELECT  "ar_internal_metadata".* FROM "ar_internal_metadata" WHERE "ar_internal_metadata"."key" = $1 LIMIT $2[0m  [["key", "environment"], ["LIMIT", 1]]
  ↳ bin/rails:9
  [1m[35m (0.2ms)[0m  [1m[35mBEGIN[0m
  ↳ bin/rails:9
  [1m[35m (0.2ms)[0m  [1m[35mCOMMIT[0m
  ↳ bin/rails:9
  [1m[35m (0.2ms)[0m  [1m[34mSELECT pg_advisory_unlock(6647856843517106280)[0m
  ↳ bin/rails:9
  [1m[35m (0.2ms)[0m  [1m[34mSELECT "schema_migrations"."version" FROM "schema_migrations" ORDER BY "schema_migrations"."version" ASC[0m
  ↳ bin/rails:9
  [1m[35m (0.2ms)[0m  [1m[34mSELECT pg_try_advisory_lock(6647856843517106280)[0m
  ↳ bin/rails:9
  [1m[35m (1.4ms)[0m  [1m[34mSELECT "schema_migrations"."version" FROM "schema_migrations" ORDER BY "schema_migrations"."version" ASC[0m
  ↳ bin/rails:9
Migrating to Addpictureusers (20200506173906)
  [1m[35m (0.2ms)[0m  [1m[35mBEGIN[0m
  ↳ bin/rails:9
  [1m[35m (1.2ms)[0m  [1m[35mALTER TABLE "users" ADD "foto_perfil" character varying[0m
  ↳ db/migrate/20200506173906_addpictureusers.rb:3
  [1m[36mActiveRecord::SchemaMigration Create (0.5ms)[0m  [1m[32mINSERT INTO "schema_migrations" ("version") VALUES ($1) RETURNING "version"[0m  [["version", "20200506173906"]]
  ↳ bin/rails:9
  [1m[35m (1.2ms)[0m  [1m[35mCOMMIT[0m
  ↳ bin/rails:9
  [1m[36mActiveRecord::InternalMetadata Load (0.5ms)[0m  [1m[34mSELECT  "ar_internal_metadata".* FROM "ar_internal_metadata" WHERE "ar_internal_metadata"."key" = $1 LIMIT $2[0m  [["key", "environment"], ["LIMIT", 1]]
  ↳ bin/rails:9
  [1m[35m (0.2ms)[0m  [1m[35mBEGIN[0m
  ↳ bin/rails:9
  [1m[35m (0.2ms)[0m  [1m[35mCOMMIT[0m
  ↳ bin/rails:9
  [1m[35m (0.3ms)[0m  [1m[34mSELECT pg_advisory_unlock(6647856843517106280)[0m
  ↳ bin/rails:9
  [1m[35m (0.3ms)[0m  [1m[34mSELECT "schema_migrations"."version" FROM "schema_migrations" ORDER BY "schema_migrations"."version" ASC[0m
  ↳ bin/rails:9
Started GET "/" for ::1 at 2020-05-06 17:49:43 -0300
Started GET "/establecimientos/new" for ::1 at 2020-05-06 17:49:43 -0300
  [1m[35m (0.9ms)[0m  [1m[34mSELECT "schema_migrations"."version" FROM "schema_migrations" ORDER BY "schema_migrations"."version" ASC[0m
  ↳ /Users/Gabi/.rvm/gems/ruby-2.6.3/gems/activerecord-5.2.4.2/lib/active_record/log_subscriber.rb:98
Processing by GreetingsController#hello as HTML
  [1m[35m (46.0ms)[0m  [1m[34mSELECT "schema_migrations"."version" FROM "schema_migrations" ORDER BY "schema_migrations"."version" ASC[0m
  ↳ /Users/Gabi/.rvm/gems/ruby-2.6.3/gems/activerecord-5.2.4.2/lib/active_record/log_subscriber.rb:98
Processing by EstablecimientosController#new as HTML
  Rendering greetings/hello.html.erb within layouts/application
  Rendered greetings/hello.html.erb within layouts/application (5.0ms)
Completed 200 OK in 2113ms (Views: 2078.1ms | ActiveRecord: 0.0ms)


  Rendering establecimientos/new.html.erb within layouts/application
  Rendered establecimientos/new.html.erb within layouts/application (51.9ms)
Completed 200 OK in 2355ms (Views: 118.7ms | ActiveRecord: 129.7ms)


Started GET "/gustos/new" for ::1 at 2020-05-06 17:49:53 -0300
Processing by GustosController#new as HTML
  Rendering gustos/new.html.erb within layouts/application
  Rendered gustos/new.html.erb within layouts/application (5.8ms)
Completed 200 OK in 225ms (Views: 124.8ms | ActiveRecord: 65.9ms)


Started GET "/" for ::1 at 2020-05-06 17:49:59 -0300
Processing by GreetingsController#hello as HTML
  Rendering greetings/hello.html.erb within layouts/application
  Rendered greetings/hello.html.erb within layouts/application (1.9ms)
Completed 200 OK in 125ms (Views: 122.5ms | ActiveRecord: 0.0ms)


Started GET "/citas/new" for ::1 at 2020-05-06 17:50:03 -0300
Processing by CitasController#new as HTML
  Rendering citas/new.html.erb within layouts/application
  Rendered citas/new.html.erb within layouts/application (8.1ms)
Completed 200 OK in 143ms (Views: 79.5ms | ActiveRecord: 47.2ms)


Started GET "/" for ::1 at 2020-05-06 17:50:06 -0300
Processing by GreetingsController#hello as HTML
  Rendering greetings/hello.html.erb within layouts/application
  Rendered greetings/hello.html.erb within layouts/application (6.5ms)
Completed 200 OK in 93ms (Views: 91.4ms | ActiveRecord: 0.0ms)


  [1m[35m (2.4ms)[0m  [1m[34mSELECT pg_try_advisory_lock(6647856843517106280)[0m
  ↳ bin/rails:9
  [1m[35m (4.3ms)[0m  [1m[34mSELECT "schema_migrations"."version" FROM "schema_migrations" ORDER BY "schema_migrations"."version" ASC[0m
  ↳ bin/rails:9
Migrating to AddpictureEstablecimiento (20200507140000)
  [1m[35m (3.3ms)[0m  [1m[35mBEGIN[0m
  ↳ bin/rails:9
  [1m[35m (20.4ms)[0m  [1m[35mALTER TABLE "establecimientos" ADD "foto_perfil" character varying[0m
  ↳ db/migrate/20200507140000_addpicture_establecimiento.rb:3
  [1m[36mActiveRecord::SchemaMigration Create (9.5ms)[0m  [1m[32mINSERT INTO "schema_migrations" ("version") VALUES ($1) RETURNING "version"[0m  [["version", "20200507140000"]]
  ↳ bin/rails:9
  [1m[35m (3.8ms)[0m  [1m[35mCOMMIT[0m
  ↳ bin/rails:9
  [1m[36mActiveRecord::InternalMetadata Load (1.9ms)[0m  [1m[34mSELECT  "ar_internal_metadata".* FROM "ar_internal_metadata" WHERE "ar_internal_metadata"."key" = $1 LIMIT $2[0m  [["key", "environment"], ["LIMIT", 1]]
  ↳ bin/rails:9
  [1m[35m (0.2ms)[0m  [1m[35mBEGIN[0m
  ↳ bin/rails:9
  [1m[35m (0.1ms)[0m  [1m[35mCOMMIT[0m
  ↳ bin/rails:9
  [1m[35m (0.2ms)[0m  [1m[34mSELECT pg_advisory_unlock(6647856843517106280)[0m
  ↳ bin/rails:9
  [1m[35m (0.7ms)[0m  [1m[34mSELECT "schema_migrations"."version" FROM "schema_migrations" ORDER BY "schema_migrations"."version" ASC[0m
  ↳ bin/rails:9
Started GET "/" for ::1 at 2020-05-07 16:07:01 -0300
  [1m[35m (3.8ms)[0m  [1m[34mSELECT "schema_migrations"."version" FROM "schema_migrations" ORDER BY "schema_migrations"."version" ASC[0m
  ↳ /Users/Gabi/.rvm/gems/ruby-2.6.3/gems/activerecord-5.2.4.2/lib/active_record/log_subscriber.rb:98
Processing by GreetingsController#hello as HTML
  Rendering greetings/hello.html.erb within layouts/application
  Rendered greetings/hello.html.erb within layouts/application (5.7ms)
Completed 200 OK in 760ms (Views: 728.4ms | ActiveRecord: 0.0ms)


Started GET "/users/edit" for ::1 at 2020-05-07 16:07:05 -0300
Processing by Users::RegistrationsController#edit as HTML
Completed 401 Unauthorized in 1ms (ActiveRecord: 0.0ms)


Started GET "/users/sign_in" for ::1 at 2020-05-07 16:07:05 -0300
Processing by Users::SessionsController#new as HTML
  Rendering users/sessions/new.html.erb within layouts/application
  Rendered users/shared/_links.html.erb (1.6ms)
  Rendered users/sessions/new.html.erb within layouts/application (21.9ms)
Completed 200 OK in 109ms (Views: 55.9ms | ActiveRecord: 20.1ms)


Started GET "/" for ::1 at 2020-05-07 16:07:09 -0300
Processing by GreetingsController#hello as HTML
  Rendering greetings/hello.html.erb within layouts/application
  Rendered greetings/hello.html.erb within layouts/application (5.5ms)
Completed 200 OK in 67ms (Views: 65.6ms | ActiveRecord: 0.0ms)


Started GET "/" for ::1 at 2020-05-07 16:22:27 -0300
  [1m[35m (1.5ms)[0m  [1m[34mSELECT "schema_migrations"."version" FROM "schema_migrations" ORDER BY "schema_migrations"."version" ASC[0m
  ↳ /Users/Gabi/.rvm/gems/ruby-2.6.3/gems/activerecord-5.2.4.2/lib/active_record/log_subscriber.rb:98
Processing by GreetingsController#hello as HTML
  Rendering greetings/hello.html.erb within layouts/application
  Rendered greetings/hello.html.erb within layouts/application (10.1ms)
Completed 200 OK in 558ms (Views: 545.9ms | ActiveRecord: 0.0ms)


